<?xml version="1.0" encoding="UTF-8"?>
<testsuite xmlns:xsi="http://www.w3.org/2001/XMLSchema-instance" xsi:noNamespaceSchemaLocation="https://maven.apache.org/surefire/maven-surefire-plugin/xsd/surefire-test-report-3.0.xsd" version="3.0" name="com.microservicos.pecas.repository.PecaRepositoryTest" time="3.272" tests="8" errors="0" skipped="0" failures="0">
  <properties>
[...]
</properties>
  <testcase name="deveRetornarVazioParaIdInexistente" classname="com.microservicos.pecas.repository.PecaRepositoryTest" time="0.8">
    <system-out><![CDATA[21:53:16.254 [main] INFO org.springframework.test.context.support.AnnotationConfigContextLoaderUtils -- Could not detect default configuration classes for test class [com.microservicos.pecas.repository.PecaRepositoryTest]: PecaRepositoryTest does not declare any static, non-private, non-final, nested classes annotated with @Configuration.
21:53:16.344 [main] INFO org.springframework.boot.test.context.SpringBootTestContextBootstrapper -- Found @SpringBootConfiguration com.microservicos.pecas.PecasServiceApplication for test class com.microservicos.pecas.repository.PecaRepositoryTest

  .   ____          _            __ _ _
 /\\ / ___'_ __ _ _(_)_ __  __ _ \ \ \ \
( ( )\___ | '_ | '_| | '_ \/ _` | \ \ \ \
 \\/  ___)| |_)| | | | | || (_| |  ) ) ) )
  '  |____| .__|_| |_|_| |_\__, | / / / /
 =========|_|==============|___/=/_/_/_/

 :: Spring Boot ::                (v3.3.4)

2026-09-16T21:53:16.785-03:00  INFO 48627 --- [           main] c.m.pecas.repository.PecaRepositoryTest  : Starting PecaRepositoryTest using Java 25.0.4.1 with PID 48627 (started by enzoxavier in /Users/enzoxavier/Library/Mobile Documents/com~apple~CloudDocs/Documents/Documentos - MacBook Air de Enzo/Enzo - Faculdade/Sexto Semestre/Construção de Software/microservicos-springcloud/pecas-service)
2026-09-16T21:53:16.786-03:00  INFO 48627 --- [           main] c.m.pecas.repository.PecaRepositoryTest  : No active profile set, falling back to 1 default profile: "default"
2026-09-16T21:53:17.021-03:00  INFO 48627 --- [           main] .s.d.r.c.RepositoryConfigurationDelegate : Bootstrapping Spring Data JPA repositories in DEFAULT mode.
2026-09-16T21:53:17.134-03:00  INFO 48627 --- [           main] .s.d.r.c.RepositoryConfigurationDelegate : Finished Spring Data repository scanning in 108 ms. Found 1 JPA repository interface.
2026-09-16T21:53:17.162-03:00  INFO 48627 --- [           main] beddedDataSourceBeanFactoryPostProcessor : Replacing 'dataSource' DataSource bean with embedded version
2026-09-16T21:53:17.236-03:00  INFO 48627 --- [           main] o.s.j.d.e.EmbeddedDatabaseFactory        : Starting embedded database: url='jdbc:h2:mem:21d0cde2-5f0e-45ce-974f-959a89099231;DB_CLOSE_DELAY=-1;DB_CLOSE_ON_EXIT=false', username='sa'
2026-09-16T21:53:17.392-03:00  INFO 48627 --- [           main] o.hibernate.jpa.internal.util.LogHelper  : HHH000204: Processing PersistenceUnitInfo [name: default]
2026-09-16T21:53:17.432-03:00  INFO 48627 --- [           main] org.hibernate.Version                    : HHH000412: Hibernate ORM core version 6.5.3.Final
2026-09-16T21:53:17.457-03:00  INFO 48627 --- [           main] o.h.c.internal.RegionFactoryInitiator    : HHH000026: Second-level cache disabled
2026-09-16T21:53:17.671-03:00  INFO 48627 --- [           main] o.s.o.j.p.SpringPersistenceUnitInfo      : No LoadTimeWeaver setup: ignoring JPA class transformer
2026-09-16T21:53:17.714-03:00  WARN 48627 --- [           main] org.hibernate.orm.deprecation            : HHH90000025: H2Dialect does not need to be specified explicitly using 'hibernate.dialect' (remove the property setting and it will be selected by default)
2026-09-16T21:53:18.106-03:00  INFO 48627 --- [           main] o.h.e.t.j.p.i.JtaPlatformInitiator       : HHH000489: No JTA platform available (set 'hibernate.transaction.jta.platform' to enable JTA platform integration)
Hibernate: drop table if exists pecas cascade 
Hibernate: create table pecas (id bigint generated by default as identity, descricao varchar(500), nome varchar(255) not null, primary key (id))
2026-09-16T21:53:18.132-03:00  INFO 48627 --- [           main] j.LocalContainerEntityManagerFactoryBean : Initialized JPA EntityManagerFactory for persistence unit 'default'
2026-09-16T21:53:18.492-03:00  INFO 48627 --- [           main] c.m.pecas.repository.PecaRepositoryTest  : Started PecaRepositoryTest in 2.094 seconds (process running for 3.062)
Hibernate: insert into pecas (descricao,nome,id) values (?,?,default)
Hibernate: insert into pecas (descricao,nome,id) values (?,?,default)
Hibernate: select p1_0.id,p1_0.descricao,p1_0.nome from pecas p1_0 where p1_0.id=?
]]></system-out>
    <system-err><![CDATA[WARNING: A Java agent has been loaded dynamically (/Users/enzoxavier/.m2/repository/net/bytebuddy/byte-buddy-agent/1.17.8/byte-buddy-agent-1.17.8.jar)
WARNING: If a serviceability tool is in use, please run with -XX:+EnableDynamicAgentLoading to hide this warning
WARNING: If a serviceability tool is not in use, please run with -Djdk.instrument.traceUsage for more information
WARNING: Dynamic loading of agents will be disallowed by default in a future release
]]></system-err>
  </testcase>
  <testcase name="deveRetornarTodasPecas" classname="com.microservicos.pecas.repository.PecaRepositoryTest" time="0.055">
    <system-out><![CDATA[Hibernate: insert into pecas (descricao,nome,id) values (?,?,default)
Hibernate: insert into pecas (descricao,nome,id) values (?,?,default)
Hibernate: select p1_0.id,p1_0.descricao,p1_0.nome from pecas p1_0
]]></system-out>
  </testcase>
  <testcase name="deveEncontrarMultiplasPecasComTermoGenerico" classname="com.microservicos.pecas.repository.PecaRepositoryTest" time="0.024">
    <system-out><![CDATA[Hibernate: insert into pecas (descricao,nome,id) values (?,?,default)
Hibernate: insert into pecas (descricao,nome,id) values (?,?,default)
Hibernate: insert into pecas (descricao,nome,id) values (?,?,default)
Hibernate: select p1_0.id,p1_0.descricao,p1_0.nome from pecas p1_0 where upper(p1_0.nome) like upper(?) escape '\'
]]></system-out>
  </testcase>
  <testcase name="devePersistirNovaPeca" classname="com.microservicos.pecas.repository.PecaRepositoryTest" time="0.007">
    <system-out><![CDATA[Hibernate: insert into pecas (descricao,nome,id) values (?,?,default)
Hibernate: insert into pecas (descricao,nome,id) values (?,?,default)
Hibernate: insert into pecas (descricao,nome,id) values (?,?,default)
]]></system-out>
  </testcase>
  <testcase name="deveEncontrarPecasPorNomeParcial" classname="com.microservicos.pecas.repository.PecaRepositoryTest" time="0.004">
    <system-out><![CDATA[Hibernate: insert into pecas (descricao,nome,id) values (?,?,default)
Hibernate: insert into pecas (descricao,nome,id) values (?,?,default)
Hibernate: select p1_0.id,p1_0.descricao,p1_0.nome from pecas p1_0 where upper(p1_0.nome) like upper(?) escape '\'
]]></system-out>
  </testcase>
  <testcase name="deveEncontrarPecasPorNomeMaiusculo" classname="com.microservicos.pecas.repository.PecaRepositoryTest" time="0.004">
    <system-out><![CDATA[Hibernate: insert into pecas (descricao,nome,id) values (?,?,default)
Hibernate: insert into pecas (descricao,nome,id) values (?,?,default)
Hibernate: select p1_0.id,p1_0.descricao,p1_0.nome from pecas p1_0 where upper(p1_0.nome) like upper(?) escape '\'
]]></system-out>
  </testcase>
  <testcase name="deveRetornarListaVaziaQuandoNomeNaoEncontrado" classname="com.microservicos.pecas.repository.PecaRepositoryTest" time="0.006">
    <system-out><![CDATA[Hibernate: insert into pecas (descricao,nome,id) values (?,?,default)
Hibernate: insert into pecas (descricao,nome,id) values (?,?,default)
Hibernate: select p1_0.id,p1_0.descricao,p1_0.nome from pecas p1_0 where upper(p1_0.nome) like upper(?) escape '\'
]]></system-out>
  </testcase>
  <testcase name="deveEncontrarPecaPorId" classname="com.microservicos.pecas.repository.PecaRepositoryTest" time="0.003">
    <system-out><![CDATA[Hibernate: insert into pecas (descricao,nome,id) values (?,?,default)
Hibernate: insert into pecas (descricao,nome,id) values (?,?,default)
]]></system-out>
  </testcase>
</testsuite>